[     835ms] [INFO] %cDownload the React DevTools for a better development experience: https://react.dev/link/react-devtools font-weight:bold @ http://localhost:3000/_next/static/chunks/node_modules_next_dist_115brz8._.js:2477
[     911ms] [LOG] [HMR] connected @ http://localhost:3000/_next/static/chunks/node_modules_next_dist_115brz8._.js:2477
[    1178ms] [LOG] [Fast Refresh] rebuilding @ http://localhost:3000/_next/static/chunks/node_modules_next_dist_115brz8._.js:2477
[    1239ms] [LOG] [Fast Refresh] done in 164ms @ http://localhost:3000/_next/static/chunks/node_modules_next_dist_115brz8._.js:2477
[    5921ms] [ERROR] WebSocket connection to 'ws://localhost:3000/_next/webpack-hmr?id=p-RGlfYA8JVojwbFs-MIW' failed: Error in connection establishment: net::ERR_CONNECTION_REFUSED @ http://localhost:3000/_next/static/chunks/node_modules_next_dist_client_0fhqo1d._.js:13322
[    8255ms] [ERROR] WebSocket connection to 'ws://localhost:3000/_next/webpack-hmr?id=p-RGlfYA8JVojwbFs-MIW' failed: Error in connection establishment: net::ERR_CONNECTION_REFUSED @ http://localhost:3000/_next/static/chunks/node_modules_next_dist_client_0fhqo1d._.js:13322
[   10590ms] [ERROR] WebSocket connection to 'ws://localhost:3000/_next/webpack-hmr?id=p-RGlfYA8JVojwbFs-MIW' failed: Error in connection establishment: net::ERR_CONNECTION_REFUSED @ http://localhost:3000/_next/static/chunks/node_modules_next_dist_client_0fhqo1d._.js:13322
[   12924ms] [ERROR] WebSocket connection to 'ws://localhost:3000/_next/webpack-hmr?id=p-RGlfYA8JVojwbFs-MIW' failed: Error in connection establishment: net::ERR_CONNECTION_REFUSED @ http://localhost:3000/_next/static/chunks/node_modules_next_dist_client_0fhqo1d._.js:13322
[   15258ms] [ERROR] WebSocket connection to 'ws://localhost:3000/_next/webpack-hmr?id=p-RGlfYA8JVojwbFs-MIW' failed: Error in connection establishment: net::ERR_CONNECTION_REFUSED @ http://localhost:3000/_next/static/chunks/node_modules_next_dist_client_0fhqo1d._.js:13322
[   21607ms] [ERROR] WebSocket connection to 'ws://localhost:3000/_next/webpack-hmr?id=p-RGlfYA8JVojwbFs-MIW' failed: Error in connection establishment: net::ERR_CONNECTION_REFUSED @ http://localhost:3000/_next/static/chunks/node_modules_next_dist_client_0fhqo1d._.js:13322
[   27943ms] [ERROR] WebSocket connection to 'ws://localhost:3000/_next/webpack-hmr?id=p-RGlfYA8JVojwbFs-MIW' failed: Error in connection establishment: net::ERR_CONNECTION_REFUSED @ http://localhost:3000/_next/static/chunks/node_modules_next_dist_client_0fhqo1d._.js:13322
[   34266ms] [ERROR] WebSocket connection to 'ws://localhost:3000/_next/webpack-hmr?id=p-RGlfYA8JVojwbFs-MIW' failed: Error in connection establishment: net::ERR_CONNECTION_REFUSED @ http://localhost:3000/_next/static/chunks/node_modules_next_dist_client_0fhqo1d._.js:13322
[   40587ms] [ERROR] WebSocket connection to 'ws://localhost:3000/_next/webpack-hmr?id=p-RGlfYA8JVojwbFs-MIW' failed: Error in connection establishment: net::ERR_CONNECTION_REFUSED @ http://localhost:3000/_next/static/chunks/node_modules_next_dist_client_0fhqo1d._.js:13322
[   40615ms] [ERROR] Failed to load resource: net::ERR_CONNECTION_REFUSED @ http://localhost:3000/__nextjs_font/geist-latin.woff2:0
[   40868ms] [ERROR] Failed to load resource: net::ERR_CONNECTION_REFUSED @ http://localhost:3000/mesa/e9e8c080-a71a-4a1d-b094-de72cf87c532:0
[   40866ms] TypeError: Failed to fetch
    at fetchServerAction (http://localhost:3000/_next/static/chunks/node_modules_next_dist_client_0fhqo1d._.js:11132:23)
[   40882ms] [ERROR] WebSocket is already in CLOSING or CLOSED state. @ http://localhost:3000/_next/static/chunks/node_modules_next_dist_115brz8._.js:2836
[   41041ms] [ERROR] Failed to load resource: net::ERR_CONNECTION_REFUSED @ http://localhost:3000/__nextjs_original-stack-frames:0
[   46911ms] [ERROR] WebSocket connection to 'ws://localhost:3000/_next/webpack-hmr?id=p-RGlfYA8JVojwbFs-MIW' failed: Error in connection establishment: net::ERR_CONNECTION_REFUSED @ http://localhost:3000/_next/static/chunks/node_modules_next_dist_client_0fhqo1d._.js:13322
[   53246ms] [ERROR] WebSocket connection to 'ws://localhost:3000/_next/webpack-hmr?id=p-RGlfYA8JVojwbFs-MIW' failed: Error in connection establishment: net::ERR_CONNECTION_REFUSED @ http://localhost:3000/_next/static/chunks/node_modules_next_dist_client_0fhqo1d._.js:13322
[   59596ms] [ERROR] WebSocket connection to 'ws://localhost:3000/_next/webpack-hmr?id=p-RGlfYA8JVojwbFs-MIW' failed: Error in connection establishment: net::ERR_CONNECTION_REFUSED @ http://localhost:3000/_next/static/chunks/node_modules_next_dist_client_0fhqo1d._.js:13322
