[     305ms] [LOG] [Fast Refresh] rebuilding @ http://localhost:3000/_next/static/chunks/node_modules_next_dist_115brz8._.js:2477
[     315ms] [LOG] [Fast Refresh] done in 115ms @ http://localhost:3000/_next/static/chunks/node_modules_next_dist_115brz8._.js:2477
[     428ms] [LOG] [Fast Refresh] rebuilding @ http://localhost:3000/_next/static/chunks/node_modules_next_dist_115brz8._.js:2477
[     444ms] [LOG] [Fast Refresh] done in 120ms @ http://localhost:3000/_next/static/chunks/node_modules_next_dist_115brz8._.js:2477
[     937ms] [INFO] %cDownload the React DevTools for a better development experience: https://react.dev/link/react-devtools font-weight:bold @ http://localhost:3000/_next/static/chunks/node_modules_next_dist_115brz8._.js:2477
[     948ms] [LOG] [HMR] connected @ http://localhost:3000/_next/static/chunks/node_modules_next_dist_115brz8._.js:2477
[   25744ms] [LOG] [Fast Refresh] rebuilding @ http://localhost:3000/_next/static/chunks/node_modules_next_dist_115brz8._.js:2477
[   26195ms] [LOG] [Fast Refresh] done in 547ms @ http://localhost:3000/_next/static/chunks/node_modules_next_dist_115brz8._.js:2477
[   26460ms] [LOG] [Fast Refresh] rebuilding @ http://localhost:3000/_next/static/chunks/node_modules_next_dist_115brz8._.js:2477
[   26541ms] [LOG] [Fast Refresh] done in 182ms @ http://localhost:3000/_next/static/chunks/node_modules_next_dist_115brz8._.js:2477
[   26547ms] [LOG] %c%s%c [obtenerTodosPlatos] Usuario: background: #e6e6e6;background: light-dark(rgba(0,0,0,0.1), rgba(255,255,255,0.25));color: #000000;color: light-dark(#000000, #ffffff);border-radius: 2px  Server   admin@ekitchen.com ID: 0cdc3557-538f-4455-a7d1-98eaf41b43f2 @ http://localhost:3000/_next/static/chunks/node_modules_next_dist_115brz8._.js:2477
[   26789ms] [ERROR] %c%s%c [obtenerTodosPlatos] Error: background: #e6e6e6;background: light-dark(rgba(0,0,0,0.1), rgba(255,255,255,0.25));color: #000000;color: light-dark(#000000, #ffffff);border-radius: 2px  Server   {code: 42P17, details: null, hint: null, message: infinite recursion detected in policy for relation "perfiles"} @ http://localhost:3000/_next/static/chunks/node_modules_next_dist_115brz8._.js:3318
[   26879ms] [LOG] %c%s%c [obtenerTodosPlatos] Usuario: background: #e6e6e6;background: light-dark(rgba(0,0,0,0.1), rgba(255,255,255,0.25));color: #000000;color: light-dark(#000000, #ffffff);border-radius: 2px  Server   admin@ekitchen.com ID: 0cdc3557-538f-4455-a7d1-98eaf41b43f2 @ http://localhost:3000/_next/static/chunks/node_modules_next_dist_115brz8._.js:2477
[   27039ms] [ERROR] %c%s%c [obtenerTodosPlatos] Error: background: #e6e6e6;background: light-dark(rgba(0,0,0,0.1), rgba(255,255,255,0.25));color: #000000;color: light-dark(#000000, #ffffff);border-radius: 2px  Server   {code: 42P17, details: null, hint: null, message: infinite recursion detected in policy for relation "perfiles"} @ http://localhost:3000/_next/static/chunks/node_modules_next_dist_115brz8._.js:3318
[   27087ms] [LOG] %c%s%c [obtenerTodosPlatos] Usuario: background: #e6e6e6;background: light-dark(rgba(0,0,0,0.1), rgba(255,255,255,0.25));color: #000000;color: light-dark(#000000, #ffffff);border-radius: 2px  Server   admin@ekitchen.com ID: 0cdc3557-538f-4455-a7d1-98eaf41b43f2 @ http://localhost:3000/_next/static/chunks/node_modules_next_dist_115brz8._.js:2477
[   27238ms] [ERROR] %c%s%c [obtenerTodosPlatos] Error: background: #e6e6e6;background: light-dark(rgba(0,0,0,0.1), rgba(255,255,255,0.25));color: #000000;color: light-dark(#000000, #ffffff);border-radius: 2px  Server   {code: 42P17, details: null, hint: null, message: infinite recursion detected in policy for relation "perfiles"} @ http://localhost:3000/_next/static/chunks/node_modules_next_dist_115brz8._.js:3318
[   27307ms] [LOG] %c%s%c [obtenerTodosPlatos] Usuario: background: #e6e6e6;background: light-dark(rgba(0,0,0,0.1), rgba(255,255,255,0.25));color: #000000;color: light-dark(#000000, #ffffff);border-radius: 2px  Server   admin@ekitchen.com ID: 0cdc3557-538f-4455-a7d1-98eaf41b43f2 @ http://localhost:3000/_next/static/chunks/node_modules_next_dist_115brz8._.js:2477
[   27446ms] [ERROR] %c%s%c [obtenerTodosPlatos] Error: background: #e6e6e6;background: light-dark(rgba(0,0,0,0.1), rgba(255,255,255,0.25));color: #000000;color: light-dark(#000000, #ffffff);border-radius: 2px  Server   {code: 42P17, details: null, hint: null, message: infinite recursion detected in policy for relation "perfiles"} @ http://localhost:3000/_next/static/chunks/node_modules_next_dist_115brz8._.js:3318
[   33849ms] [INFO] %cDownload the React DevTools for a better development experience: https://react.dev/link/react-devtools font-weight:bold @ http://localhost:3000/_next/static/chunks/node_modules_next_dist_115brz8._.js:2477
[   33860ms] [LOG] [HMR] connected @ http://localhost:3000/_next/static/chunks/node_modules_next_dist_115brz8._.js:2477
[   33863ms] [LOG] %c%s%c [obtenerTodosPlatos] Usuario: background: #e6e6e6;background: light-dark(rgba(0,0,0,0.1), rgba(255,255,255,0.25));color: #000000;color: light-dark(#000000, #ffffff);border-radius: 2px  Server   admin@ekitchen.com ID: 0cdc3557-538f-4455-a7d1-98eaf41b43f2 @ http://localhost:3000/_next/static/chunks/node_modules_next_dist_115brz8._.js:2477
[   33864ms] [ERROR] %c%s%c [obtenerTodosPlatos] Error: background: #e6e6e6;background: light-dark(rgba(0,0,0,0.1), rgba(255,255,255,0.25));color: #000000;color: light-dark(#000000, #ffffff);border-radius: 2px  Server   {code: 42P17, details: null, hint: null, message: infinite recursion detected in policy for relation "perfiles"} @ http://localhost:3000/_next/static/chunks/node_modules_next_dist_115brz8._.js:3318
[   34329ms] [LOG] [Fast Refresh] rebuilding @ http://localhost:3000/_next/static/chunks/node_modules_next_dist_115brz8._.js:2477
[   34345ms] [LOG] [Fast Refresh] done in 120ms @ http://localhost:3000/_next/static/chunks/node_modules_next_dist_115brz8._.js:2477
